2020-04-25 105448 INFO  CustomerController36 - id: null | first name: Jon | surname: B | age: N/A
 ------------------------------------------------------
2020-04-25 105448 INFO  CustomerController36 - id: null | first name: Bon | surname: T | age: N/A
 ------------------------------------------------------
2020-04-25 105448 INFO  CustomerController36 - id: null | first name: Fon | surname: J | age: N/A
 ------------------------------------------------------
2020-04-25 105448 INFO  CustomerController82 - Please enter the id of the customer you would like to delete: 
2020-04-25 105507 INFO  CustomerController36 - id: null | first name: Jon | surname: B | age: N/A
 ------------------------------------------------------
2020-04-25 105507 INFO  CustomerController36 - id: null | first name: Bon | surname: T | age: N/A
 ------------------------------------------------------
2020-04-25 105507 INFO  CustomerController36 - id: null | first name: Fon | surname: J | age: N/A
 ------------------------------------------------------
2020-04-25 105507 INFO  CustomerController82 - Please enter the id of the customer you would like to delete: 
2020-04-25 105524 INFO  CustomerController36 - id: null | first name: Jon | surname: B | age: N/A
 ------------------------------------------------------
2020-04-25 105524 INFO  CustomerController36 - id: null | first name: Bon | surname: T | age: N/A
 ------------------------------------------------------
2020-04-25 105524 INFO  CustomerController36 - id: null | first name: Fon | surname: J | age: N/A
 ------------------------------------------------------
2020-04-25 105524 INFO  CustomerController49 - Please enter forename(s): 
2020-04-25 105524 INFO  CustomerController51 - Please enter surname: 
2020-04-25 105524 INFO  CustomerController54 - Customer created.
2020-04-25 105524 INFO  CustomerController82 - Please enter the id of the customer you would like to delete: 
2020-04-25 105531 INFO  CustomerController36 - id: null | first name: Jon | surname: B | age: N/A
 ------------------------------------------------------
2020-04-25 105531 INFO  CustomerController36 - id: null | first name: Bon | surname: T | age: N/A
 ------------------------------------------------------
2020-04-25 105531 INFO  CustomerController36 - id: null | first name: Fon | surname: J | age: N/A
 ------------------------------------------------------
2020-04-25 105531 INFO  CustomerController82 - Please enter the id of the customer you would like to delete: 
2020-04-25 110055 INFO  CustomerController33 - id: 1 | Name: Dora the Annihilator | Category: Movies | Price: £99.9899999999999948840923025272786617279052734375 | Inventory: 500
 ------------------------------------------------------
2020-04-25 110055 INFO  CustomerController33 - id: 1 | Name: Ketchup | Category: Food | Price: £2.9900000000000002131628207280300557613372802734375 | Inventory: 1000
 ------------------------------------------------------
2020-04-25 110055 INFO  CustomerController33 - id: 1 | Name: Cactus | Category: Miscellaneous | Price: £4.9900000000000002131628207280300557613372802734375 | Inventory: 10
 ------------------------------------------------------
2020-04-25 110133 INFO  CustomerController33 - id: 1 | Name: Dora the Annihilator | Category: Movies | Price: £99.9899999999999948840923025272786617279052734375 | Inventory: 500
 ------------------------------------------------------
2020-04-25 110133 INFO  CustomerController33 - id: 1 | Name: Ketchup | Category: Food | Price: £2.9900000000000002131628207280300557613372802734375 | Inventory: 1000
 ------------------------------------------------------
2020-04-25 110133 INFO  CustomerController33 - id: 1 | Name: Cactus | Category: Miscellaneous | Price: £4.9900000000000002131628207280300557613372802734375 | Inventory: 10
 ------------------------------------------------------
2020-04-25 110133 INFO  CustomerController87 - Please enter the id of the product you would like to delete: 
2020-04-25 110626 INFO  CustomerController33 - id: 1 | Name: Dora the Annihilator | Category: Movies | Price: £99.9899999999999948840923025272786617279052734375 | Inventory: 500
 ------------------------------------------------------
2020-04-25 110626 INFO  CustomerController33 - id: 1 | Name: Ketchup | Category: Food | Price: £2.9900000000000002131628207280300557613372802734375 | Inventory: 1000
 ------------------------------------------------------
2020-04-25 110626 INFO  CustomerController33 - id: 1 | Name: Cactus | Category: Miscellaneous | Price: £4.9900000000000002131628207280300557613372802734375 | Inventory: 10
 ------------------------------------------------------
2020-04-25 110626 INFO  CustomerController67 - Please enter the id of the customer you would like to update: 
2020-04-25 110626 INFO  CustomerController69 - Please enter a name: 
2020-04-25 110626 INFO  CustomerController71 - Please enter the product's category: 
2020-04-25 110626 INFO  CustomerController73 - Please enter price per unit: 
2020-04-25 110626 INFO  CustomerController75 - Please enter quantity of product: 
2020-04-25 110626 INFO  CustomerController78 - Product Updated.
2020-04-25 110626 INFO  CustomerController87 - Please enter the id of the product you would like to delete: 
2020-04-25 112547 INFO  OrderController74 - Please enter the id of the order you would like to delete: 
2020-04-25 112718 INFO  OrderController34 - order id: 1 | customer id: 1 | Date Ordered: 2020-04-25
 ------------------------------------------------------
2020-04-25 112718 INFO  OrderController34 - order id: 1 | customer id: 1 | Date Ordered: 2020-04-25
 ------------------------------------------------------
2020-04-25 112718 INFO  OrderController34 - order id: 1 | customer id: 1 | Date Ordered: 2020-04-25
 ------------------------------------------------------
2020-04-25 112718 INFO  OrderController74 - Please enter the id of the order you would like to delete: 
2020-04-25 112734 INFO  OrderController34 - order id: 1 | customer id: 1 | Date Ordered: 2020-04-25
 ------------------------------------------------------
2020-04-25 112734 INFO  OrderController34 - order id: 1 | customer id: 1 | Date Ordered: 2020-04-25
 ------------------------------------------------------
2020-04-25 112734 INFO  OrderController34 - order id: 1 | customer id: 1 | Date Ordered: 2020-04-25
 ------------------------------------------------------
2020-04-25 112734 INFO  OrderController74 - Please enter the id of the order you would like to delete: 
2020-04-25 112741 INFO  OrderController34 - order id: 1 | customer id: 1 | Date Ordered: 2020-04-25
 ------------------------------------------------------
2020-04-25 112741 INFO  OrderController34 - order id: 1 | customer id: 1 | Date Ordered: 2020-04-25
 ------------------------------------------------------
2020-04-25 112741 INFO  OrderController34 - order id: 1 | customer id: 1 | Date Ordered: 2020-04-25
 ------------------------------------------------------
2020-04-25 112741 INFO  OrderController74 - Please enter the id of the order you would like to delete: 
2020-04-25 113303 INFO  OrderController34 - order id: 1 | customer id: 1 | Date Ordered: 2020-04-25
 ------------------------------------------------------
2020-04-25 113303 INFO  OrderController34 - order id: 1 | customer id: 1 | Date Ordered: 2020-04-25
 ------------------------------------------------------
2020-04-25 113303 INFO  OrderController34 - order id: 1 | customer id: 1 | Date Ordered: 2020-04-25
 ------------------------------------------------------
2020-04-25 113303 INFO  OrderController74 - Please enter the id of the order you would like to delete: 
2020-04-25 113322 INFO  OrderController34 - order id: 1 | customer id: 1 | Date Ordered: 2020-04-25
 ------------------------------------------------------
2020-04-25 113322 INFO  OrderController34 - order id: 1 | customer id: 1 | Date Ordered: 2020-04-25
 ------------------------------------------------------
2020-04-25 113322 INFO  OrderController34 - order id: 1 | customer id: 1 | Date Ordered: 2020-04-25
 ------------------------------------------------------
2020-04-25 113322 INFO  OrderController74 - Please enter the id of the order you would like to delete: 
2020-04-25 113335 INFO  OrderController34 - order id: 1 | customer id: 1 | Date Ordered: 2020-04-25
 ------------------------------------------------------
2020-04-25 113335 INFO  OrderController34 - order id: 1 | customer id: 1 | Date Ordered: 2020-04-25
 ------------------------------------------------------
2020-04-25 113335 INFO  OrderController34 - order id: 1 | customer id: 1 | Date Ordered: 2020-04-25
 ------------------------------------------------------
2020-04-25 113335 INFO  OrderController74 - Please enter the id of the order you would like to delete: 
2020-04-25 113739 INFO  OrderController34 - order id: 1 | customer id: 1 | Date Ordered: 2020-04-25
 ------------------------------------------------------
2020-04-25 113739 INFO  OrderController34 - order id: 1 | customer id: 1 | Date Ordered: 2020-04-25
 ------------------------------------------------------
2020-04-25 113739 INFO  OrderController34 - order id: 1 | customer id: 1 | Date Ordered: 2020-04-25
 ------------------------------------------------------
2020-04-25 113739 INFO  OrderController58 - Please enter order id: 
2020-04-25 113739 INFO  OrderController60 - Please enter new customer id: 
2020-04-25 113739 INFO  OrderController62 - Please enter new date (yyyy-mm-dd): 
2020-04-25 113739 INFO  OrderController65 - Order Updated.
2020-04-25 113739 INFO  OrderController74 - Please enter the id of the order you would like to delete: 
2020-04-25 113835 INFO  OrderController34 - order id: 1 | customer id: 1 | Date Ordered: 2020-04-25
 ------------------------------------------------------
2020-04-25 113835 INFO  OrderController34 - order id: 1 | customer id: 1 | Date Ordered: 2020-04-25
 ------------------------------------------------------
2020-04-25 113835 INFO  OrderController34 - order id: 1 | customer id: 1 | Date Ordered: 2020-04-25
 ------------------------------------------------------
2020-04-25 113835 INFO  OrderController74 - Please enter the id of the order you would like to delete: 
2020-04-25 113840 INFO  InventoryManager38 - Please insert username: 
2020-04-25 113842 INFO  InventoryManager40 - Please insert password: 
2020-04-25 113842 INFO  InventoryManager45 - Hello, root, how can I help you today?
2020-04-25 113842 INFO  InventoryManager46 - [1]: Review [customers]      [2]: Review [products]      [3]: Review [orders]      [4]: [help]      [5]: [stop]
2020-04-25 113914 INFO  InventoryManager38 - Please insert username: 
2020-04-25 113950 INFO  InventoryManager38 - Please insert username: 
2020-04-25 113953 INFO  InventoryManager38 - Please insert username: 
2020-04-25 114240 INFO  InventoryManager38 - Please insert username: 
2020-04-25 114333 INFO  InventoryManager38 - Please insert username: 
2020-04-25 114342 INFO  InventoryManager38 - Please insert username: 
2020-04-25 114344 INFO  InventoryManager40 - Please insert password: 
2020-04-25 114345 INFO  InventoryManager45 - Hello, root, how can I help you today?
2020-04-25 114345 INFO  InventoryManager46 - [1]: Review [customers]      [2]: Review [products]      [3]: Review [orders]      [4]: [help]      [5]: [stop]
2020-04-25 114410 INFO  CustomerController36 - id: null | first name: Jon | surname: B | age: N/A
 ------------------------------------------------------
2020-04-25 114410 INFO  CustomerController36 - id: null | first name: Bon | surname: T | age: N/A
 ------------------------------------------------------
2020-04-25 114410 INFO  CustomerController36 - id: null | first name: Fon | surname: J | age: N/A
 ------------------------------------------------------
2020-04-25 114410 INFO  CustomerController82 - Please enter the id of the customer you would like to delete: 
2020-04-25 114410 INFO  OrderController34 - order id: 1 | customer id: 1 | Date Ordered: 2020-04-25
 ------------------------------------------------------
2020-04-25 114410 INFO  OrderController34 - order id: 1 | customer id: 1 | Date Ordered: 2020-04-25
 ------------------------------------------------------
2020-04-25 114410 INFO  OrderController34 - order id: 1 | customer id: 1 | Date Ordered: 2020-04-25
 ------------------------------------------------------
2020-04-25 114410 INFO  OrderController74 - Please enter the id of the order you would like to delete: 
2020-04-25 114410 INFO  CustomerController33 - id: 1 | Name: Dora the Annihilator | Category: Movies | Price: £99.9899999999999948840923025272786617279052734375 | Inventory: 500
 ------------------------------------------------------
2020-04-25 114410 INFO  CustomerController33 - id: 1 | Name: Ketchup | Category: Food | Price: £2.9900000000000002131628207280300557613372802734375 | Inventory: 1000
 ------------------------------------------------------
2020-04-25 114410 INFO  CustomerController33 - id: 1 | Name: Cactus | Category: Miscellaneous | Price: £4.9900000000000002131628207280300557613372802734375 | Inventory: 10
 ------------------------------------------------------
2020-04-25 114410 INFO  CustomerController87 - Please enter the id of the product you would like to delete: 
2020-04-25 114605 INFO  InventoryManager36 - Please insert username: 
2020-04-25 114607 INFO  InventoryManager38 - Please insert password: 
2020-04-25 114607 INFO  InventoryManager45 - Hello, root, how can I help you today?
2020-04-25 114607 INFO  InventoryManager46 - [1]: Review [customers]      [2]: Review [products]      [3]: Review [orders]      [4]: [help]      [5]: [stop]
2020-04-25 114609 INFO  InventoryManager58 - Would you like to view all orders or a specific customer's orderline?
2020-04-25 114609 INFO  InventoryManager59 - [1]: all [orders]      [2]: specific [orderline]
2020-04-25 114609 INFO  InventoryManager92 - You have selected 'ORDERLINE'. How would you like to proceed?
2020-04-25 114609 INFO  InventoryManager96 - [1]: [create]      [2]: [read]      [3]: [update]      [4]: [delete]      [5]: [help]      [6]: [back]
2020-04-25 114610 INFO  OrderlineController30 - Please enter the orderline (by id) you wish to view: 
2020-04-25 114612 INFO  OrderlineController34 - product id: 1 | name: Secondhand Goods | Quantity: 50 | Price : £0.0 (£0.0 per item)
2020-04-25 114612 INFO  OrderlineController34 - product id: 2 | name: Dora the Annihilator | Quantity: 5 | Price : £499.95 (£99.99 per item)
2020-04-25 114612 INFO  InventoryManager45 - Hello, root, how can I help you today?
2020-04-25 114612 INFO  InventoryManager46 - [1]: Review [customers]      [2]: Review [products]      [3]: Review [orders]      [4]: [help]      [5]: [stop]
2020-04-25 114613 INFO  InventoryManager94 - You have selected 'CUSTOMERS'. How would you like to proceed?
2020-04-25 114613 INFO  InventoryManager96 - [1]: [create]      [2]: [read]      [3]: [update]      [4]: [delete]      [5]: [help]      [6]: [back]
2020-04-25 121206 INFO  InventoryManager36 - Please insert username: 
2020-04-25 121552 INFO  OrderlineController30 - Please enter the orderline (by id) you wish to view: 
2020-04-25 121610 INFO  OrderlineController30 - Please enter the orderline (by id) you wish to view: 
2020-04-25 121716 INFO  OrderlineController30 - Please enter the orderline (by id) you wish to view: 
2020-04-25 121727 INFO  OrderlineController30 - Please enter the orderline (by id) you wish to view: 
2020-04-25 121731 INFO  OrderlineController78 - Please enter the order (by id) you wish to delete: 
2020-04-25 121814 INFO  OrderlineController30 - Please enter the orderline (by id) you wish to view: 
2020-04-25 122618 INFO  OrderlineController62 - Please enter the order (by id) you wish to add to: 
2020-04-25 122618 INFO  OrderlineController64 - Please enter the product (by id) you wish to add: 
2020-04-25 122618 INFO  OrderlineController66 - How many would you like to add?
2020-04-25 122618 INFO  OrderlineController69 - Order Updated.
