#
# There is insufficient memory for the Java Runtime Environment to continue.
# Native memory allocation (malloc) failed to allocate 1048576 bytes for AllocateHeap
# Possible reasons:
#   The system is out of physical RAM or swap space
#   The process is running with CompressedOops enabled, and the Java Heap may be blocking the growth of the native heap
# Possible solutions:
#   Reduce memory load on the system
#   Increase physical memory or swap space
#   Check if swap backing store is full
#   Decrease Java heap size (-Xmx/-Xms)
#   Decrease number of Java threads
#   Decrease Java thread stack sizes (-Xss)
#   Set larger code cache with -XX:ReservedCodeCacheSize=
#   JVM is running with Zero Based Compressed Oops mode in which the Java heap is
#     placed in the first 32GB address space. The Java Heap base address is the
#     maximum limit for the native heap growth. Please use -XX:HeapBaseMinAddress
#     to set the Java Heap base and to place the Java Heap above 32GB virtual address.
# This output file may be truncated or incomplete.
#
#  Out of Memory Error (memory/allocation.inline.hpp:61), pid=22700, tid=0x0000000000005668
#
# JRE version:  (8.0_241-b07) (build )
# Java VM: Java HotSpot(TM) 64-Bit Server VM (25.241-b07 mixed mode windows-amd64 compressed oops)
# Failed to write core dump. Minidumps are not enabled by default on client versions of Windows
#

---------------  T H R E A D  ---------------

Current thread (0x0000000000dee000):  JavaThread "Unknown thread" [_thread_in_vm, id=22120, stack(0x0000000002ff0000,0x00000000030f0000)]

Stack: [0x0000000002ff0000,0x00000000030f0000]
[error occurred during error reporting (printing stack bounds), id 0xc0000005]

Native frames: (J=compiled Java code, j=interpreted, Vv=VM code, C=native code)


---------------  P R O C E S S  ---------------

Java Threads: ( => current thread )

Other Threads:

=>0x0000000000dee000 (exited) JavaThread "Unknown thread" [_thread_in_vm, id=22120, stack(0x0000000002ff0000,0x00000000030f0000)]

VM state:not at safepoint (normal execution)

VM Mutex/Monitor currently owned by a thread: None

heap address: 0x00000006c1800000, size: 4072 MB, Compressed Oops mode: Zero based, Oop shift amount: 3
Narrow klass base: 0x0000000000000000, Narrow klass shift: 3
Compressed class space size: 1073741824 Address: 0x00000007c0000000

Heap:
 PSYoungGen      total 76288K, used 1310K [0x000000076b300000, 0x0000000770800000, 0x00000007c0000000)
  eden space 65536K, 2% used [0x000000076b300000,0x000000076b447af0,0x000000076f300000)
  from space 10752K, 0% used [0x000000076fd80000,0x000000076fd80000,0x0000000770800000)
  to   space 10752K, 0% used [0x000000076f300000,0x000000076f300000,0x000000076fd80000)
 ParOldGen       total 175104K, used 0K [0x00000006c1800000, 0x00000006cc300000, 0x000000076b300000)
  object space 175104K, 0% used [0x00000006c1800000,0x00000006c1800000,0x00000006cc300000)
 Metaspace       used 776K, capacity 4480K, committed 4480K, reserved 1056768K
  class space    used 76K, capacity 384K, committed 384K, reserved 1048576K

Card table byte_map: [0x00000000125d0000,0x0000000012dd0000] byte_map_base: 0x000000000efc4000

Marking Bits: (ParMarkBitMap*) 0x000000006684be30
 Begin Bits: [0x0000000014520000, 0x00000000184c0000)
 End Bits:   [0x00000000184c0000, 0x000000001c460000)

Polling page: 0x00000000015b0000

CodeCache: size=245760Kb used=327Kb max_used=327Kb free=245432Kb
 bounds [0x0000000003210000, 0x0000000003480000, 0x0000000012210000]
 total_blobs=57 nmethods=0 adapters=38
 compilation: enabled

Compilation events (0 events):
No events

GC Heap History (0 events):
No events

Deoptimization events (0 events):
No events

Classes redefined (0 events):
No events

Internal exceptions (0 events):
No events

Events (10 events):
Event: 0.084 loading class java/lang/Short
Event: 0.084 loading class java/lang/Short done
Event: 0.084 loading class java/lang/Integer
Event: 0.084 loading class java/lang/Integer done
Event: 0.084 loading class java/lang/Long
Event: 0.084 loading class java/lang/Long done
Event: 0.085 loading class java/lang/NullPointerException
Event: 0.085 loading class java/lang/NullPointerException done
Event: 0.085 loading class java/lang/ArithmeticException
Event: 0.085 loading class java/lang/ArithmeticException done


Dynamic libraries:
0x00007ff6423c0000 - 0x00007ff6423f7000 	G:\Java\jdk1.8.0_241\bin\javaw.exe
0x00007ffe4e160000 - 0x00007ffe4e350000 	C:\WINDOWS\SYSTEM32\ntdll.dll
0x00007ffe4d100000 - 0x00007ffe4d1b2000 	C:\WINDOWS\System32\KERNEL32.DLL
0x00007ffe4b960000 - 0x00007ffe4bc03000 	C:\WINDOWS\System32\KERNELBASE.dll
0x00007ffe4d8c0000 - 0x00007ffe4d963000 	C:\WINDOWS\System32\ADVAPI32.dll
0x00007ffe4d030000 - 0x00007ffe4d0ce000 	C:\WINDOWS\System32\msvcrt.dll
0x00007ffe4d280000 - 0x00007ffe4d317000 	C:\WINDOWS\System32\sechost.dll
0x00007ffe4d6f0000 - 0x00007ffe4d810000 	C:\WINDOWS\System32\RPCRT4.dll
0x00007ffe4df80000 - 0x00007ffe4e114000 	C:\WINDOWS\System32\USER32.dll
0x00007ffe4bdb0000 - 0x00007ffe4bdd1000 	C:\WINDOWS\System32\win32u.dll
0x00007ffe4cf30000 - 0x00007ffe4cf56000 	C:\WINDOWS\System32\GDI32.dll
0x00007ffe4bc10000 - 0x00007ffe4bda4000 	C:\WINDOWS\System32\gdi32full.dll
0x00007ffe4b0f0000 - 0x00007ffe4b18e000 	C:\WINDOWS\System32\msvcp_win.dll
0x00007ffe4bf70000 - 0x00007ffe4c06a000 	C:\WINDOWS\System32\ucrtbase.dll
0x00007ffe3bdb0000 - 0x00007ffe3c035000 	C:\WINDOWS\WinSxS\amd64_microsoft.windows.common-controls_6595b64144ccf1df_6.0.18362.778_none_e6c6b761130d4fb8\COMCTL32.dll
0x00007ffe4d3b0000 - 0x00007ffe4d6e6000 	C:\WINDOWS\System32\combase.dll
0x00007ffe4bef0000 - 0x00007ffe4bf70000 	C:\WINDOWS\System32\bcryptPrimitives.dll
0x00007ffe4d0d0000 - 0x00007ffe4d0fe000 	C:\WINDOWS\System32\IMM32.DLL
0x0000000067910000 - 0x00000000679e2000 	G:\Java\jdk1.8.0_241\jre\bin\msvcr100.dll
0x0000000066020000 - 0x00000000668cc000 	G:\Java\jdk1.8.0_241\jre\bin\server\jvm.dll
0x00007ffe4d970000 - 0x00007ffe4d978000 	C:\WINDOWS\System32\PSAPI.DLL
0x00007ffe47ce0000 - 0x00007ffe47d04000 	C:\WINDOWS\SYSTEM32\WINMM.dll
0x00007ffe089b0000 - 0x00007ffe089b9000 	C:\WINDOWS\SYSTEM32\WSOCK32.dll
0x00007ffe44c30000 - 0x00007ffe44c3a000 	C:\WINDOWS\SYSTEM32\VERSION.dll
0x00007ffe4d340000 - 0x00007ffe4d3af000 	C:\WINDOWS\System32\WS2_32.dll
0x00007ffe47cb0000 - 0x00007ffe47cdd000 	C:\WINDOWS\SYSTEM32\winmmbase.dll
0x00007ffe4b190000 - 0x00007ffe4b1da000 	C:\WINDOWS\System32\cfgmgr32.dll
0x00007ffe3a1b0000 - 0x00007ffe3a1bf000 	G:\Java\jdk1.8.0_241\jre\bin\verify.dll
0x00007ffe31d10000 - 0x00007ffe31d39000 	G:\Java\jdk1.8.0_241\jre\bin\java.dll
0x00007ffe32c70000 - 0x00007ffe32c86000 	G:\Java\jdk1.8.0_241\jre\bin\zip.dll

VM Arguments:
jvm_args: -Dfile.encoding=Cp1252 
java_command: com.qa.ims.Runner
java_class_path (initial): G:\eclipse-workspace\ims-redfern-project\target\classes;C:\Users\Backup Bob\.m2\repository\mysql\mysql-connector-java\8.0.19\mysql-connector-java-8.0.19.jar;C:\Users\Backup Bob\.m2\repository\com\google\protobuf\protobuf-java\3.6.1\protobuf-java-3.6.1.jar;C:\Users\Backup Bob\.m2\repository\log4j\log4j\1.2.17\log4j-1.2.17.jar
Launcher Type: SUN_STANDARD

Environment Variables:
JAVA_HOME=G:\Java\jdk1.8.0_241
PATH=C:/Program Files/Java/jre1.8.0_251/bin/server;C:/Program Files/Java/jre1.8.0_251/bin;C:/Program Files/Java/jre1.8.0_251/lib/amd64;C:\Python38\Scripts\;C:\Python38\;C:\Program Files (x86)\Common Files\Oracle\Java\javapath;C:\Java\jdk1.8.0_241;C:\VulkanSDK\1.1.82.1\Bin;"c:\windows\system32;";c:\program files (x86)\amd app\bin\x86_64;c:\program files (x86)\amd app\bin\x86;c:\windows\system32;c:\windows;c:\windows\system32\wbem;c:\windows\system32\windowspowershell\v1.0\;c:\program files (x86)\ati technologies\ati.ace\core-static;c:\windows\system32\openssh\;c:\program files\git\cmd;c:\program files (x86)\nvidia corporation\physx\common;C:\Program Files\NVIDIA Corporation\NVIDIA NvDLISR;C:\WINDOWS\system32;C:\WINDOWS;C:\WINDOWS\System32\Wbem;C:\WINDOWS\System32\WindowsPowerShell\v1.0\;C:\WINDOWS\System32\OpenSSH\;G:\metasploit-framework\bin\;G:\Java\jdk1.8.0_241\bin;G:\Program Files (x86)\apache-maven-3.6.1\bin;C:\Program Files\Microsoft SQL Server\130\Tools\Binn\;C:\Program Files\nodejs\;C:\ProgramData\chocolatey\bin;C:\Users\Backup Bob\AppData\Local\Microsoft\WindowsApps;C:\Users\Backup Bob\AppData\Roaming\npm;C:\Users\Backup Bob\AppData\Local\GitHubDesktop\bin;g:\Users\Backup Bob\AppData\Local\Programs\Microsoft VS Code\bin;G:\Java\eclipse;
USERNAME=Backup Bob
OS=Windows_NT
PROCESSOR_IDENTIFIER=AMD64 Family 23 Model 1 Stepping 1, AuthenticAMD



---------------  S Y S T E M  ---------------

OS: Windows 10.0 , 64 bit Build 18362 (10.0.18362.778)

CPU:total 24 (initial active 24) (24 cores per cpu, 1 threads per core) family 23 model 1 stepping 1, cmov, cx8, fxsr, mmx, sse, sse2, sse3, ssse3, sse4.1, sse4.2, popcnt, avx, avx2, aes, clmul, mmxext, 3dnowpref, lzcnt, sse4a, tsc, tscinvbit, tscinv, bmi1

Memory: 4k page, physical 16672420k(3083784k free), swap 31245036k(5824k free)

vm_info: Java HotSpot(TM) 64-Bit Server VM (25.241-b07) for windows-amd64 JRE (1.8.0_241-b07), built on Dec 11 2019 10:21:40 by "rejava" with MS VC++ 10.0 (VS2010)

time: Tue Apr 21 22:20:18 2020
timezone: GMT Daylight Time
elapsed time: 0 seconds (0d 0h 0m 0s)

