2020-04-21 21:28:42 INFO  InventoryManager:30 - Please insert username: 
2020-04-21 21:28:50 INFO  InventoryManager:32 - Please insert password: 
2020-04-21 21:30:03 INFO  InventoryManager:30 - Please insert username: 
2020-04-21 21:30:15 INFO  InventoryManager:30 - Please insert username: 
2020-04-21 21:30:23 INFO  InventoryManager:30 - Please insert username: 
2020-04-21 21:30:44 INFO  InventoryManager:30 - Please insert username: 
2020-04-21 21:31:08 INFO  InventoryManager:30 - Please insert username: 
2020-04-21 21:31:16 INFO  InventoryManager:30 - Please insert username: 
2020-04-21 21:31:54 INFO  InventoryManager:30 - Please insert username: 
2020-04-21 21:31:58 INFO  InventoryManager:30 - Please insert username: 
2020-04-21 21:33:34 INFO  InventoryManager:30 - Please insert username: 
2020-04-21 21:33:45 INFO  InventoryManager:30 - Please insert username: 
2020-04-21 21:33:45 INFO  InventoryManager:30 - Please insert username: 
2020-04-21 21:34:18 INFO  InventoryManager:30 - Please insert username: 
2020-04-21 21:34:19 INFO  InventoryManager:30 - Please insert username: 
2020-04-21 21:34:28 INFO  InventoryManager:30 - Please insert username: 
2020-04-21 21:34:51 INFO  InventoryManager:32 - Please insert password: 
2020-04-21 21:35:01 INFO  InventoryManager:30 - Please insert usernrthgetrdsame: 
2020-04-21 22:03:33 INFO  InventoryManager:30 - Please insert username: 
2020-04-21 22:04:50 INFO  InventoryManager:30 - Please insert username: 
2020-04-21 22:06:51 INFO  InventoryManager:30 - Please insert username: 
2020-04-21 22:06:59 INFO  InventoryManager:30 - Please insert username: 
2020-04-21 22:07:07 INFO  InventoryManager:30 - Please insert username: 
2020-04-21 22:07:09 INFO  InventoryManager:32 - Please insert password: 
2020-04-21 22:07:10 INFO  InventoryManager:35 - Hello, root, how can I help you today?
2020-04-21 22:07:10 INFO  InventoryManager:36 - [1]: Review [customers]      [2]: Review [products]      [3]: Review [orders]      [4]: [help]      [5]: [stop]
2020-04-21 22:07:14 INFO  InventoryManager:30 - Please insert username: 
2020-04-21 22:13:11 INFO  InventoryManager:30 - Please insert username: 
2020-04-21 22:14:46 INFO  InventoryManager:30 - Please insert username: 
2020-04-21 22:15:14 INFO  InventoryManager:30 - Please insert username: 
2020-04-21 22:16:11 INFO  InventoryManager:30 - Please insert username: 
2020-04-21 22:16:16 INFO  InventoryManager:30 - Please insert username: 
2020-04-21 22:17:52 INFO  InventoryManager:30 - Please insert username: 
2020-04-21 22:20:15 INFO  InventoryManager:30 - Please insert username: 
2020-04-21 22:20:16 INFO  InventoryManager:30 - Please insert username: 
2020-04-21 22:20:17 INFO  InventoryManager:30 - Please insert username: 
2020-04-21 22:20:18 INFO  InventoryManager:30 - Please insert username: 
2020-04-21 22:20:18 INFO  InventoryManager:30 - Please insert username: 
2020-04-21 22:20:18 INFO  InventoryManager:30 - Please insert username: 
2020-04-21 22:20:18 INFO  InventoryManager:30 - Please insert username: 
